mode: atomic
github.com/gnames/coldp/config/config.go:26.35,27.25 1 0
github.com/gnames/coldp/config/config.go:27.25,29.3 1 0
github.com/gnames/coldp/config/config.go:32.33,34.16 2 0
github.com/gnames/coldp/config/config.go:34.16,36.3 1 0
github.com/gnames/coldp/config/config.go:37.2,43.27 3 0
github.com/gnames/coldp/config/config.go:43.27,45.3 1 0
github.com/gnames/coldp/config/config.go:47.2,50.12 3 0
github.com/gnames/coldp/config/config.go:26.35,27.25 1 0
github.com/gnames/coldp/config/config.go:27.25,29.3 1 0
github.com/gnames/coldp/config/config.go:32.33,34.16 2 8
github.com/gnames/coldp/config/config.go:34.16,36.3 1 0
github.com/gnames/coldp/config/config.go:37.2,43.27 3 8
github.com/gnames/coldp/config/config.go:43.27,45.3 1 0
github.com/gnames/coldp/config/config.go:47.2,50.12 3 8
github.com/gnames/coldp/ent/coldp/enums.go:17.35,19.11 2 0
github.com/gnames/coldp/ent/coldp/enums.go:20.24,21.19 1 0
github.com/gnames/coldp/ent/coldp/enums.go:22.24,23.19 1 0
github.com/gnames/coldp/ent/coldp/enums.go:24.24,25.19 1 0
github.com/gnames/coldp/ent/coldp/enums.go:26.32,27.27 1 0
github.com/gnames/coldp/ent/coldp/enums.go:28.20,29.15 1 0
github.com/gnames/coldp/ent/coldp/enums.go:30.25,31.20 1 0
github.com/gnames/coldp/ent/coldp/enums.go:32.10,33.21 1 0
github.com/gnames/coldp/ent/coldp/errors.go:9.43,11.2 1 0
github.com/gnames/coldp/ent/coldp/errors.go:19.36,21.2 1 0
github.com/gnames/coldp/ent/coldp/errors.go:29.37,31.2 1 0
github.com/gnames/coldp/ent/coldp/func.go:11.45,13.2 1 0
github.com/gnames/coldp/ent/coldp/func.go:15.65,18.14 3 0
github.com/gnames/coldp/ent/coldp/func.go:18.14,19.18 1 0
github.com/gnames/coldp/ent/coldp/func.go:19.18,21.4 1 0
github.com/gnames/coldp/ent/coldp/func.go:22.3,27.4 1 0
github.com/gnames/coldp/ent/coldp/func.go:29.2,29.14 1 0
github.com/gnames/coldp/ent/coldp/func.go:29.14,36.3 1 0
github.com/gnames/coldp/ent/coldp/func.go:38.2,39.25 2 0
github.com/gnames/coldp/ent/coldp/func.go:39.25,40.19 1 0
github.com/gnames/coldp/ent/coldp/func.go:40.19,42.4 1 0
github.com/gnames/coldp/ent/coldp/func.go:45.2,45.21 1 0
github.com/gnames/coldp/ent/coldp/name.go:21.51,39.2 17 0
github.com/gnames/coldp/ent/coldp/taxon.go:15.51,17.2 1 0
github.com/gnames/coldp/io/arcio/arcio.go:34.56,42.2 2 0
github.com/gnames/coldp/io/arcio/arcio.go:46.47,48.2 1 0
github.com/gnames/coldp/io/arcio/dirs.go:8.36,10.16 2 0
github.com/gnames/coldp/io/arcio/dirs.go:10.16,12.3 1 0
github.com/gnames/coldp/io/arcio/dirs.go:14.2,15.16 2 0
github.com/gnames/coldp/io/arcio/dirs.go:15.16,17.3 1 0
github.com/gnames/coldp/io/arcio/dirs.go:19.2,20.16 2 0
github.com/gnames/coldp/io/arcio/dirs.go:20.16,22.3 1 0
github.com/gnames/coldp/io/arcio/dirs.go:23.2,23.12 1 0
github.com/gnames/coldp/io/arcio/dirs.go:26.39,27.43 1 0
github.com/gnames/coldp/io/arcio/dirs.go:28.23,29.39 1 0
github.com/gnames/coldp/io/arcio/dirs.go:30.22,31.13 1 0
github.com/gnames/coldp/io/arcio/dirs.go:32.25,33.40 1 0
github.com/gnames/coldp/io/arcio/dirs.go:34.10,35.47 1 0
github.com/gnames/coldp/io/arcio/extract.go:14.33,16.39 2 0
github.com/gnames/coldp/io/arcio/extract.go:16.39,18.17 2 0
github.com/gnames/coldp/io/arcio/extract.go:18.17,20.4 1 0
github.com/gnames/coldp/io/arcio/extract.go:22.2,23.16 2 0
github.com/gnames/coldp/io/arcio/extract.go:23.16,25.3 1 0
github.com/gnames/coldp/io/arcio/extract.go:26.2,26.12 1 0
github.com/gnames/coldp/io/arcio/extract.go:29.31,31.13 2 0
github.com/gnames/coldp/io/arcio/extract.go:31.13,33.3 1 0
github.com/gnames/coldp/io/arcio/extract.go:36.2,37.16 2 0
github.com/gnames/coldp/io/arcio/extract.go:37.16,39.3 1 0
github.com/gnames/coldp/io/arcio/extract.go:40.2,42.27 2 0
github.com/gnames/coldp/io/arcio/extract.go:42.27,45.71 2 0
github.com/gnames/coldp/io/arcio/extract.go:45.71,47.4 1 0
github.com/gnames/coldp/io/arcio/extract.go:50.3,50.27 1 0
github.com/gnames/coldp/io/arcio/extract.go:50.27,52.12 2 0
github.com/gnames/coldp/io/arcio/extract.go:56.3,57.17 2 0
github.com/gnames/coldp/io/arcio/extract.go:57.17,59.4 1 0
github.com/gnames/coldp/io/arcio/extract.go:60.3,68.17 3 0
github.com/gnames/coldp/io/arcio/extract.go:68.17,70.4 1 0
github.com/gnames/coldp/io/arcio/extract.go:71.3,75.17 3 0
github.com/gnames/coldp/io/arcio/extract.go:75.17,77.4 1 0
github.com/gnames/coldp/io/arcio/extract.go:80.2,80.12 1 0
github.com/gnames/coldp/io/arcio/info.go:12.33,14.16 2 0
github.com/gnames/coldp/io/arcio/info.go:14.16,16.3 1 0
github.com/gnames/coldp/io/arcio/info.go:18.2,21.26 3 0
github.com/gnames/coldp/io/arcio/info.go:21.26,25.21 3 0
github.com/gnames/coldp/io/arcio/info.go:25.21,26.12 1 0
github.com/gnames/coldp/io/arcio/info.go:29.3,30.15 2 0
github.com/gnames/coldp/io/arcio/info.go:34.43,35.25 1 0
github.com/gnames/coldp/io/arcio/info.go:36.11,36.11 0 0
github.com/gnames/coldp/io/arcio/info.go:40.2,40.12 1 0
github.com/gnames/coldp/io/arcio/info.go:43.36,49.26 3 0
github.com/gnames/coldp/io/arcio/info.go:49.26,51.3 1 0
github.com/gnames/coldp/io/arcio/info.go:52.2,52.12 1 0
github.com/gnames/coldp/io/arcio/info.go:56.40,60.26 3 0
github.com/gnames/coldp/io/arcio/info.go:60.26,63.31 3 0
github.com/gnames/coldp/io/arcio/info.go:63.31,65.4 1 0
github.com/gnames/coldp/io/arcio/info.go:68.2,70.25 3 0
github.com/gnames/coldp/io/arcio/info.go:70.25,71.16 1 0
github.com/gnames/coldp/io/arcio/info.go:71.16,74.4 2 0
github.com/gnames/coldp/io/arcio/info.go:76.2,76.12 1 0
github.com/gnames/coldp/io/arcio/info.go:79.69,80.12 1 0
github.com/gnames/coldp/io/arcio/info.go:80.12,82.3 1 0
github.com/gnames/coldp/io/arcio/info.go:84.2,87.38 3 0
github.com/gnames/coldp/io/arcio/info.go:87.38,89.3 1 0
github.com/gnames/coldp/io/arcio/info.go:91.2,92.37 2 0
github.com/gnames/coldp/io/arcio/info.go:92.37,94.3 1 0
github.com/gnames/coldp/io/arcio/info.go:95.2,95.19 1 0
github.com/gnames/coldp/io/arcio/info.go:95.19,97.3 1 0
github.com/gnames/coldp/io/arcio/info.go:98.2,98.13 1 0
github.com/gnames/coldp/io/arcio/info.go:101.46,107.56 3 0
github.com/gnames/coldp/io/arcio/info.go:107.56,108.18 1 0
github.com/gnames/coldp/io/arcio/info.go:108.18,110.5 1 0
github.com/gnames/coldp/io/arcio/info.go:111.4,111.21 1 0
github.com/gnames/coldp/io/arcio/info.go:111.21,113.5 1 0
github.com/gnames/coldp/io/arcio/info.go:114.4,114.14 1 0
github.com/gnames/coldp/io/arcio/info.go:117.2,117.16 1 0
github.com/gnames/coldp/io/arcio/info.go:117.16,120.3 1 0
github.com/gnames/coldp/io/arcio/info.go:121.2,121.19 1 0
github.com/gnames/coldp/io/arcio/meta.go:10.53,11.19 1 0
github.com/gnames/coldp/io/arcio/meta.go:11.19,13.3 1 0
github.com/gnames/coldp/io/arcio/meta.go:14.2,14.22 1 0
github.com/gnames/coldp/io/arcio/meta.go:14.22,16.17 2 0
github.com/gnames/coldp/io/arcio/meta.go:16.17,18.4 1 0
github.com/gnames/coldp/io/arcio/meta.go:21.2,22.16 2 0
github.com/gnames/coldp/io/arcio/meta.go:22.16,24.3 1 0
github.com/gnames/coldp/io/arcio/meta.go:26.2,28.16 3 0
github.com/gnames/coldp/io/arcio/meta.go:28.16,30.3 1 0
github.com/gnames/coldp/io/arcio/meta.go:32.2,34.20 2 0
