mode: atomic
github.com/gnames/coldp/config/config.go:32.35,33.25 1 0
github.com/gnames/coldp/config/config.go:33.25,35.3 1 0
github.com/gnames/coldp/config/config.go:38.40,39.25 1 0
github.com/gnames/coldp/config/config.go:39.25,41.3 1 0
github.com/gnames/coldp/config/config.go:44.33,46.16 2 0
github.com/gnames/coldp/config/config.go:46.16,48.3 1 0
github.com/gnames/coldp/config/config.go:49.2,55.27 3 0
github.com/gnames/coldp/config/config.go:55.27,57.3 1 0
github.com/gnames/coldp/config/config.go:59.2,62.12 3 0
github.com/gnames/coldp/config/config.go:32.35,33.25 1 0
github.com/gnames/coldp/config/config.go:33.25,35.3 1 0
github.com/gnames/coldp/config/config.go:38.40,39.25 1 0
github.com/gnames/coldp/config/config.go:39.25,41.3 1 0
github.com/gnames/coldp/config/config.go:44.33,46.16 2 8
github.com/gnames/coldp/config/config.go:46.16,48.3 1 0
github.com/gnames/coldp/config/config.go:49.2,55.27 3 8
github.com/gnames/coldp/config/config.go:55.27,57.3 1 0
github.com/gnames/coldp/config/config.go:59.2,62.12 3 8
github.com/gnames/coldp/ent/coldp/distribution.go:14.72,25.2 10 0
github.com/gnames/coldp/ent/coldp/enums.go:19.35,21.11 2 3003
github.com/gnames/coldp/ent/coldp/enums.go:22.32,23.19 1 0
github.com/gnames/coldp/ent/coldp/enums.go:24.49,25.19 1 0
github.com/gnames/coldp/ent/coldp/enums.go:26.33,27.19 1 0
github.com/gnames/coldp/ent/coldp/enums.go:28.40,29.27 1 0
github.com/gnames/coldp/ent/coldp/enums.go:30.29,31.15 1 0
github.com/gnames/coldp/ent/coldp/enums.go:32.33,33.20 1 3002
github.com/gnames/coldp/ent/coldp/enums.go:34.10,35.21 1 1
github.com/gnames/coldp/ent/coldp/enums.go:53.41,55.11 2 3003
github.com/gnames/coldp/ent/coldp/enums.go:56.26,57.23 1 2932
github.com/gnames/coldp/ent/coldp/enums.go:58.25,59.22 1 0
github.com/gnames/coldp/ent/coldp/enums.go:60.27,61.24 1 11
github.com/gnames/coldp/ent/coldp/enums.go:62.24,63.21 1 0
github.com/gnames/coldp/ent/coldp/enums.go:64.23,65.20 1 0
github.com/gnames/coldp/ent/coldp/enums.go:66.23,67.20 1 0
github.com/gnames/coldp/ent/coldp/enums.go:68.25,69.22 1 0
github.com/gnames/coldp/ent/coldp/enums.go:70.24,71.21 1 0
github.com/gnames/coldp/ent/coldp/enums.go:72.10,73.19 1 60
github.com/gnames/coldp/ent/coldp/enums.go:87.37,89.11 2 3003
github.com/gnames/coldp/ent/coldp/enums.go:90.22,91.19 1 0
github.com/gnames/coldp/ent/coldp/enums.go:92.27,93.25 1 0
github.com/gnames/coldp/ent/coldp/enums.go:94.23,95.20 1 0
github.com/gnames/coldp/ent/coldp/enums.go:96.28,97.25 1 0
github.com/gnames/coldp/ent/coldp/enums.go:98.10,99.19 1 3003
github.com/gnames/coldp/ent/coldp/enums.go:213.31,214.36 1 0
github.com/gnames/coldp/ent/coldp/enums.go:214.36,216.3 1 0
github.com/gnames/coldp/ent/coldp/enums.go:217.2,217.19 1 0
github.com/gnames/coldp/ent/coldp/enums.go:220.29,225.11 5 0
github.com/gnames/coldp/ent/coldp/enums.go:226.13,227.16 1 0
github.com/gnames/coldp/ent/coldp/enums.go:228.13,229.18 1 0
github.com/gnames/coldp/ent/coldp/enums.go:230.11,231.14 1 0
github.com/gnames/coldp/ent/coldp/enums.go:232.13,233.17 1 0
github.com/gnames/coldp/ent/coldp/enums.go:235.2,235.36 1 0
github.com/gnames/coldp/ent/coldp/enums.go:235.36,237.3 1 0
github.com/gnames/coldp/ent/coldp/enums.go:238.2,238.17 1 0
github.com/gnames/coldp/ent/coldp/enums.go:349.43,351.33 2 1
github.com/gnames/coldp/ent/coldp/enums.go:351.33,353.3 1 105
github.com/gnames/coldp/ent/coldp/enums.go:354.2,354.12 1 1
github.com/gnames/coldp/ent/coldp/enums.go:376.33,378.11 2 3003
github.com/gnames/coldp/ent/coldp/enums.go:379.29,380.19 1 0
github.com/gnames/coldp/ent/coldp/enums.go:381.28,382.18 1 0
github.com/gnames/coldp/ent/coldp/enums.go:383.27,384.17 1 0
github.com/gnames/coldp/ent/coldp/enums.go:385.10,386.18 1 3003
github.com/gnames/coldp/ent/coldp/enums.go:428.45,429.12 1 0
github.com/gnames/coldp/ent/coldp/enums.go:433.33,434.35 1 0
github.com/gnames/coldp/ent/coldp/enums.go:435.19,436.52 1 0
github.com/gnames/coldp/ent/coldp/enums.go:437.10,438.37 1 0
github.com/gnames/coldp/ent/coldp/enums.go:442.36,444.2 1 0
github.com/gnames/coldp/ent/coldp/enums.go:467.51,469.37 2 1
github.com/gnames/coldp/ent/coldp/enums.go:469.37,471.3 1 16
github.com/gnames/coldp/ent/coldp/enums.go:472.2,473.12 2 1
github.com/gnames/coldp/ent/coldp/enums.go:477.52,479.37 2 1
github.com/gnames/coldp/ent/coldp/enums.go:479.37,481.3 1 16
github.com/gnames/coldp/ent/coldp/enums.go:482.2,482.12 1 1
github.com/gnames/coldp/ent/coldp/enums.go:485.37,487.40 2 164
github.com/gnames/coldp/ent/coldp/enums.go:487.40,489.3 1 128
github.com/gnames/coldp/ent/coldp/enums.go:490.2,490.17 1 36
github.com/gnames/coldp/ent/coldp/errors.go:9.43,11.2 1 0
github.com/gnames/coldp/ent/coldp/errors.go:19.36,21.2 1 0
github.com/gnames/coldp/ent/coldp/errors.go:29.37,31.2 1 0
github.com/gnames/coldp/ent/coldp/func.go:20.22,30.61 6 1
github.com/gnames/coldp/ent/coldp/func.go:30.61,32.3 1 17
github.com/gnames/coldp/ent/coldp/func.go:34.2,34.12 1 1
github.com/gnames/coldp/ent/coldp/func.go:34.12,36.25 2 1
github.com/gnames/coldp/ent/coldp/func.go:36.25,40.19 4 3003
github.com/gnames/coldp/ent/coldp/func.go:40.19,42.5 1 0
github.com/gnames/coldp/ent/coldp/func.go:43.4,43.14 1 3003
github.com/gnames/coldp/ent/coldp/func.go:47.2,47.16 1 1
github.com/gnames/coldp/ent/coldp/func.go:47.16,49.3 1 0
github.com/gnames/coldp/ent/coldp/func.go:51.2,53.16 3 1
github.com/gnames/coldp/ent/coldp/func.go:53.16,55.3 1 0
github.com/gnames/coldp/ent/coldp/func.go:56.2,60.12 4 1
github.com/gnames/coldp/ent/coldp/func.go:69.45,71.2 1 0
github.com/gnames/coldp/ent/coldp/func.go:73.26,78.2 4 0
github.com/gnames/coldp/ent/coldp/func.go:80.28,83.13 3 0
github.com/gnames/coldp/ent/coldp/func.go:83.13,85.3 1 0
github.com/gnames/coldp/ent/coldp/func.go:86.2,87.11 2 0
github.com/gnames/coldp/ent/coldp/func.go:88.21,89.14 1 0
github.com/gnames/coldp/ent/coldp/func.go:90.10,91.15 1 0
github.com/gnames/coldp/ent/coldp/func.go:95.65,98.14 3 3003
github.com/gnames/coldp/ent/coldp/func.go:98.14,99.18 1 0
github.com/gnames/coldp/ent/coldp/func.go:99.18,101.4 1 0
github.com/gnames/coldp/ent/coldp/func.go:102.3,107.4 1 0
github.com/gnames/coldp/ent/coldp/func.go:109.2,109.14 1 3003
github.com/gnames/coldp/ent/coldp/func.go:109.14,116.3 1 0
github.com/gnames/coldp/ent/coldp/func.go:118.2,119.25 2 3003
github.com/gnames/coldp/ent/coldp/func.go:119.25,120.19 1 51051
github.com/gnames/coldp/ent/coldp/func.go:120.19,122.4 1 51051
github.com/gnames/coldp/ent/coldp/func.go:125.2,125.21 1 3003
github.com/gnames/coldp/ent/coldp/media.go:17.65,31.2 13 0
github.com/gnames/coldp/ent/coldp/name.go:44.64,85.2 40 3003
github.com/gnames/coldp/ent/coldp/name_relation.go:12.72,21.2 8 0
github.com/gnames/coldp/ent/coldp/name_usage.go:78.69,153.2 74 0
github.com/gnames/coldp/ent/coldp/ref.go:36.69,69.2 32 0
github.com/gnames/coldp/ent/coldp/species_estimate.go:12.75,21.2 8 0
github.com/gnames/coldp/ent/coldp/species_interaction.go:13.78,23.2 9 0
github.com/gnames/coldp/ent/coldp/synonym.go:18.67,33.2 14 0
github.com/gnames/coldp/ent/coldp/taxon.go:47.65,91.2 43 0
github.com/gnames/coldp/ent/coldp/taxon_concept_relation.go:12.80,21.2 8 0
github.com/gnames/coldp/ent/coldp/taxon_property.go:14.73,25.2 10 0
github.com/gnames/coldp/ent/coldp/type_material.go:26.72,49.2 22 0
github.com/gnames/coldp/ent/coldp/vern.go:19.70,35.2 15 0
github.com/gnames/coldp/io/arcio/arcio.go:34.56,42.2 2 0
github.com/gnames/coldp/io/arcio/arcio.go:46.55,48.2 1 0
github.com/gnames/coldp/io/arcio/arcio.go:50.40,52.2 1 0
github.com/gnames/coldp/io/arcio/dirs.go:8.36,10.16 2 0
github.com/gnames/coldp/io/arcio/dirs.go:10.16,12.3 1 0
github.com/gnames/coldp/io/arcio/dirs.go:14.2,15.16 2 0
github.com/gnames/coldp/io/arcio/dirs.go:15.16,17.3 1 0
github.com/gnames/coldp/io/arcio/dirs.go:19.2,20.16 2 0
github.com/gnames/coldp/io/arcio/dirs.go:20.16,22.3 1 0
github.com/gnames/coldp/io/arcio/dirs.go:23.2,23.12 1 0
github.com/gnames/coldp/io/arcio/dirs.go:26.39,27.43 1 0
github.com/gnames/coldp/io/arcio/dirs.go:28.23,29.39 1 0
github.com/gnames/coldp/io/arcio/dirs.go:30.22,31.13 1 0
github.com/gnames/coldp/io/arcio/dirs.go:32.25,33.40 1 0
github.com/gnames/coldp/io/arcio/dirs.go:34.10,35.47 1 0
github.com/gnames/coldp/io/arcio/extract.go:14.33,16.39 2 0
github.com/gnames/coldp/io/arcio/extract.go:16.39,18.17 2 0
github.com/gnames/coldp/io/arcio/extract.go:18.17,20.4 1 0
github.com/gnames/coldp/io/arcio/extract.go:22.2,23.16 2 0
github.com/gnames/coldp/io/arcio/extract.go:23.16,25.3 1 0
github.com/gnames/coldp/io/arcio/extract.go:26.2,26.12 1 0
github.com/gnames/coldp/io/arcio/extract.go:29.31,31.13 2 0
github.com/gnames/coldp/io/arcio/extract.go:31.13,33.3 1 0
github.com/gnames/coldp/io/arcio/extract.go:36.2,37.16 2 0
github.com/gnames/coldp/io/arcio/extract.go:37.16,39.3 1 0
github.com/gnames/coldp/io/arcio/extract.go:40.2,42.27 2 0
github.com/gnames/coldp/io/arcio/extract.go:42.27,45.71 2 0
github.com/gnames/coldp/io/arcio/extract.go:45.71,47.4 1 0
github.com/gnames/coldp/io/arcio/extract.go:50.3,50.27 1 0
github.com/gnames/coldp/io/arcio/extract.go:50.27,52.12 2 0
github.com/gnames/coldp/io/arcio/extract.go:56.3,57.17 2 0
github.com/gnames/coldp/io/arcio/extract.go:57.17,59.4 1 0
github.com/gnames/coldp/io/arcio/extract.go:60.3,68.17 3 0
github.com/gnames/coldp/io/arcio/extract.go:68.17,70.4 1 0
github.com/gnames/coldp/io/arcio/extract.go:71.3,75.17 3 0
github.com/gnames/coldp/io/arcio/extract.go:75.17,77.4 1 0
github.com/gnames/coldp/io/arcio/extract.go:80.2,80.12 1 0
github.com/gnames/coldp/io/arcio/info.go:12.33,15.16 2 0
github.com/gnames/coldp/io/arcio/info.go:15.16,17.3 1 0
github.com/gnames/coldp/io/arcio/info.go:20.2,24.26 4 0
github.com/gnames/coldp/io/arcio/info.go:24.26,30.21 3 0
github.com/gnames/coldp/io/arcio/info.go:30.21,31.12 1 0
github.com/gnames/coldp/io/arcio/info.go:34.3,35.27 2 0
github.com/gnames/coldp/io/arcio/info.go:35.27,37.4 1 0
github.com/gnames/coldp/io/arcio/info.go:40.2,40.12 1 0
github.com/gnames/coldp/io/arcio/info.go:44.40,46.26 2 0
github.com/gnames/coldp/io/arcio/info.go:46.26,48.48 2 0
github.com/gnames/coldp/io/arcio/info.go:48.48,50.4 1 0
github.com/gnames/coldp/io/arcio/info.go:53.2,55.25 3 0
github.com/gnames/coldp/io/arcio/info.go:55.25,56.16 1 0
github.com/gnames/coldp/io/arcio/info.go:56.16,59.4 2 0
github.com/gnames/coldp/io/arcio/info.go:61.2,61.12 1 0
github.com/gnames/coldp/io/arcio/info.go:64.69,65.12 1 0
github.com/gnames/coldp/io/arcio/info.go:65.12,67.3 1 0
github.com/gnames/coldp/io/arcio/info.go:69.2,72.38 3 0
github.com/gnames/coldp/io/arcio/info.go:72.38,74.3 1 0
github.com/gnames/coldp/io/arcio/info.go:76.2,77.37 2 0
github.com/gnames/coldp/io/arcio/info.go:77.37,79.3 1 0
github.com/gnames/coldp/io/arcio/info.go:80.2,80.19 1 0
github.com/gnames/coldp/io/arcio/info.go:80.19,82.3 1 0
github.com/gnames/coldp/io/arcio/info.go:83.2,83.13 1 0
github.com/gnames/coldp/io/arcio/info.go:86.46,92.56 3 0
github.com/gnames/coldp/io/arcio/info.go:92.56,93.18 1 0
github.com/gnames/coldp/io/arcio/info.go:93.18,95.5 1 0
github.com/gnames/coldp/io/arcio/info.go:96.4,96.21 1 0
github.com/gnames/coldp/io/arcio/info.go:96.21,98.5 1 0
github.com/gnames/coldp/io/arcio/info.go:99.4,99.14 1 0
github.com/gnames/coldp/io/arcio/info.go:102.2,102.16 1 0
github.com/gnames/coldp/io/arcio/info.go:102.16,105.3 1 0
github.com/gnames/coldp/io/arcio/info.go:106.2,106.19 1 0
github.com/gnames/coldp/io/arcio/meta.go:10.53,11.19 1 0
github.com/gnames/coldp/io/arcio/meta.go:11.19,13.3 1 0
github.com/gnames/coldp/io/arcio/meta.go:14.2,14.22 1 0
github.com/gnames/coldp/io/arcio/meta.go:14.22,16.17 2 0
github.com/gnames/coldp/io/arcio/meta.go:16.17,18.4 1 0
github.com/gnames/coldp/io/arcio/meta.go:21.2,22.16 2 0
github.com/gnames/coldp/io/arcio/meta.go:22.16,24.3 1 0
github.com/gnames/coldp/io/arcio/meta.go:26.2,28.16 3 0
github.com/gnames/coldp/io/arcio/meta.go:28.16,30.3 1 0
github.com/gnames/coldp/io/arcio/meta.go:32.2,34.20 2 0
